<?xml version="1.0" encoding="UTF-8"?>
<testsuite xmlns:xsi="http://www.w3.org/2001/XMLSchema-instance" xsi:noNamespaceSchemaLocation="https://maven.apache.org/surefire/maven-surefire-plugin/xsd/surefire-test-report.xsd" name="com.sig.session.TabelaItensVendaTest" time="0.285" tests="6" errors="0" skipped="0" failures="0">
  <properties>
    <property name="sun.desktop" value="windows"/>
    <property name="awt.toolkit" value="sun.awt.windows.WToolkit"/>
    <property name="file.encoding.pkg" value="sun.io"/>
    <property name="java.specification.version" value="1.8"/>
    <property name="sun.cpu.isalist" value="amd64"/>
    <property name="sun.jnu.encoding" value="Cp1252"/>
    <property name="java.class.path" value="C:\estudos\spring\sigDesafio\target\test-classes;C:\estudos\spring\sigDesafio\target\classes;C:\Users\gusta\.m2\repository\org\springframework\boot\spring-boot-starter-web\2.0.0.M7\spring-boot-starter-web-2.0.0.M7.jar;C:\Users\gusta\.m2\repository\org\springframework\boot\spring-boot-starter\2.0.0.M7\spring-boot-starter-2.0.0.M7.jar;C:\Users\gusta\.m2\repository\org\springframework\boot\spring-boot-starter-logging\2.0.0.M7\spring-boot-starter-logging-2.0.0.M7.jar;C:\Users\gusta\.m2\repository\ch\qos\logback\logback-classic\1.2.3\logback-classic-1.2.3.jar;C:\Users\gusta\.m2\repository\ch\qos\logback\logback-core\1.2.3\logback-core-1.2.3.jar;C:\Users\gusta\.m2\repository\org\apache\logging\log4j\log4j-to-slf4j\2.10.0\log4j-to-slf4j-2.10.0.jar;C:\Users\gusta\.m2\repository\org\apache\logging\log4j\log4j-api\2.10.0\log4j-api-2.10.0.jar;C:\Users\gusta\.m2\repository\org\slf4j\jul-to-slf4j\1.7.25\jul-to-slf4j-1.7.25.jar;C:\Users\gusta\.m2\repository\javax\annotation\javax.annotation-api\1.3.1\javax.annotation-api-1.3.1.jar;C:\Users\gusta\.m2\repository\org\yaml\snakeyaml\1.19\snakeyaml-1.19.jar;C:\Users\gusta\.m2\repository\org\springframework\boot\spring-boot-starter-json\2.0.0.M7\spring-boot-starter-json-2.0.0.M7.jar;C:\Users\gusta\.m2\repository\com\fasterxml\jackson\datatype\jackson-datatype-jdk8\2.9.2\jackson-datatype-jdk8-2.9.2.jar;C:\Users\gusta\.m2\repository\com\fasterxml\jackson\datatype\jackson-datatype-jsr310\2.9.2\jackson-datatype-jsr310-2.9.2.jar;C:\Users\gusta\.m2\repository\com\fasterxml\jackson\module\jackson-module-parameter-names\2.9.2\jackson-module-parameter-names-2.9.2.jar;C:\Users\gusta\.m2\repository\org\springframework\boot\spring-boot-starter-tomcat\2.0.0.M7\spring-boot-starter-tomcat-2.0.0.M7.jar;C:\Users\gusta\.m2\repository\org\apache\tomcat\embed\tomcat-embed-core\8.5.23\tomcat-embed-core-8.5.23.jar;C:\Users\gusta\.m2\repository\org\apache\tomcat\tomcat-annotations-api\8.5.23\tomcat-annotations-api-8.5.23.jar;C:\Users\gusta\.m2\repository\org\apache\tomcat\embed\tomcat-embed-el\8.5.23\tomcat-embed-el-8.5.23.jar;C:\Users\gusta\.m2\repository\org\apache\tomcat\embed\tomcat-embed-websocket\8.5.23\tomcat-embed-websocket-8.5.23.jar;C:\Users\gusta\.m2\repository\org\hibernate\validator\hibernate-validator\6.0.5.Final\hibernate-validator-6.0.5.Final.jar;C:\Users\gusta\.m2\repository\javax\validation\validation-api\2.0.0.Final\validation-api-2.0.0.Final.jar;C:\Users\gusta\.m2\repository\org\jboss\logging\jboss-logging\3.3.1.Final\jboss-logging-3.3.1.Final.jar;C:\Users\gusta\.m2\repository\com\fasterxml\classmate\1.3.4\classmate-1.3.4.jar;C:\Users\gusta\.m2\repository\org\springframework\spring-web\5.0.2.RELEASE\spring-web-5.0.2.RELEASE.jar;C:\Users\gusta\.m2\repository\org\springframework\spring-beans\5.0.2.RELEASE\spring-beans-5.0.2.RELEASE.jar;C:\Users\gusta\.m2\repository\org\springframework\spring-webmvc\5.0.2.RELEASE\spring-webmvc-5.0.2.RELEASE.jar;C:\Users\gusta\.m2\repository\org\springframework\spring-expression\5.0.2.RELEASE\spring-expression-5.0.2.RELEASE.jar;C:\Users\gusta\.m2\repository\org\springframework\boot\spring-boot-starter-thymeleaf\2.0.0.M7\spring-boot-starter-thymeleaf-2.0.0.M7.jar;C:\Users\gusta\.m2\repository\org\thymeleaf\thymeleaf-spring5\3.0.9.RELEASE\thymeleaf-spring5-3.0.9.RELEASE.jar;C:\Users\gusta\.m2\repository\org\thymeleaf\extras\thymeleaf-extras-java8time\3.0.1.RELEASE\thymeleaf-extras-java8time-3.0.1.RELEASE.jar;C:\Users\gusta\.m2\repository\nz\net\ultraq\thymeleaf\thymeleaf-layout-dialect\2.2.2\thymeleaf-layout-dialect-2.2.2.jar;C:\Users\gusta\.m2\repository\nz\net\ultraq\thymeleaf\thymeleaf-expression-processor\1.1.3\thymeleaf-expression-processor-1.1.3.jar;C:\Users\gusta\.m2\repository\org\codehaus\groovy\groovy\2.5.0-beta-2\groovy-2.5.0-beta-2.jar;C:\Users\gusta\.m2\repository\org\thymeleaf\thymeleaf\3.0.9.RELEASE\thymeleaf-3.0.9.RELEASE.jar;C:\Users\gusta\.m2\repository\ognl\ognl\3.1.12\ognl-3.1.12.jar;C:\Users\gusta\.m2\repository\org\attoparser\attoparser\2.0.4.RELEASE\attoparser-2.0.4.RELEASE.jar;C:\Users\gusta\.m2\repository\org\unbescape\unbescape\1.1.5.RELEASE\unbescape-1.1.5.RELEASE.jar;C:\Users\gusta\.m2\repository\com\github\mxab\thymeleaf\extras\thymeleaf-extras-data-attribute\2.0.1\thymeleaf-extras-data-attribute-2.0.1.jar;C:\Users\gusta\.m2\repository\org\springframework\boot\spring-boot-starter-data-jpa\2.0.0.M7\spring-boot-starter-data-jpa-2.0.0.M7.jar;C:\Users\gusta\.m2\repository\org\springframework\boot\spring-boot-starter-aop\2.0.0.M7\spring-boot-starter-aop-2.0.0.M7.jar;C:\Users\gusta\.m2\repository\org\aspectj\aspectjweaver\1.8.13\aspectjweaver-1.8.13.jar;C:\Users\gusta\.m2\repository\org\springframework\boot\spring-boot-starter-jdbc\2.0.0.M7\spring-boot-starter-jdbc-2.0.0.M7.jar;C:\Users\gusta\.m2\repository\com\zaxxer\HikariCP\2.7.4\HikariCP-2.7.4.jar;C:\Users\gusta\.m2\repository\org\springframework\spring-jdbc\5.0.2.RELEASE\spring-jdbc-5.0.2.RELEASE.jar;C:\Users\gusta\.m2\repository\org\hibernate\hibernate-core\5.2.12.Final\hibernate-core-5.2.12.Final.jar;C:\Users\gusta\.m2\repository\org\hibernate\javax\persistence\hibernate-jpa-2.1-api\1.0.0.Final\hibernate-jpa-2.1-api-1.0.0.Final.jar;C:\Users\gusta\.m2\repository\org\javassist\javassist\3.22.0-CR2\javassist-3.22.0-CR2.jar;C:\Users\gusta\.m2\repository\antlr\antlr\2.7.7\antlr-2.7.7.jar;C:\Users\gusta\.m2\repository\org\jboss\jandex\2.0.3.Final\jandex-2.0.3.Final.jar;C:\Users\gusta\.m2\repository\dom4j\dom4j\1.6.1\dom4j-1.6.1.jar;C:\Users\gusta\.m2\repository\org\hibernate\common\hibernate-commons-annotations\5.0.1.Final\hibernate-commons-annotations-5.0.1.Final.jar;C:\Users\gusta\.m2\repository\javax\transaction\javax.transaction-api\1.2\javax.transaction-api-1.2.jar;C:\Users\gusta\.m2\repository\org\springframework\data\spring-data-jpa\2.0.2.RELEASE\spring-data-jpa-2.0.2.RELEASE.jar;C:\Users\gusta\.m2\repository\org\springframework\data\spring-data-commons\2.0.2.RELEASE\spring-data-commons-2.0.2.RELEASE.jar;C:\Users\gusta\.m2\repository\org\springframework\spring-orm\5.0.2.RELEASE\spring-orm-5.0.2.RELEASE.jar;C:\Users\gusta\.m2\repository\org\springframework\spring-tx\5.0.2.RELEASE\spring-tx-5.0.2.RELEASE.jar;C:\Users\gusta\.m2\repository\org\springframework\spring-aspects\5.0.2.RELEASE\spring-aspects-5.0.2.RELEASE.jar;C:\Users\gusta\.m2\repository\org\springframework\boot\spring-boot-starter-mail\2.0.0.M7\spring-boot-starter-mail-2.0.0.M7.jar;C:\Users\gusta\.m2\repository\org\springframework\spring-context\5.0.2.RELEASE\spring-context-5.0.2.RELEASE.jar;C:\Users\gusta\.m2\repository\org\springframework\spring-context-support\5.0.2.RELEASE\spring-context-support-5.0.2.RELEASE.jar;C:\Users\gusta\.m2\repository\com\sun\mail\javax.mail\1.6.0\javax.mail-1.6.0.jar;C:\Users\gusta\.m2\repository\javax\activation\activation\1.1\activation-1.1.jar;C:\Users\gusta\.m2\repository\org\springframework\boot\spring-boot-devtools\2.0.0.M7\spring-boot-devtools-2.0.0.M7.jar;C:\Users\gusta\.m2\repository\org\springframework\boot\spring-boot\2.0.0.M7\spring-boot-2.0.0.M7.jar;C:\Users\gusta\.m2\repository\org\springframework\boot\spring-boot-autoconfigure\2.0.0.M7\spring-boot-autoconfigure-2.0.0.M7.jar;C:\Users\gusta\.m2\repository\org\springframework\boot\spring-boot-starter-test\2.0.0.M7\spring-boot-starter-test-2.0.0.M7.jar;C:\Users\gusta\.m2\repository\org\springframework\boot\spring-boot-test\2.0.0.M7\spring-boot-test-2.0.0.M7.jar;C:\Users\gusta\.m2\repository\org\springframework\boot\spring-boot-test-autoconfigure\2.0.0.M7\spring-boot-test-autoconfigure-2.0.0.M7.jar;C:\Users\gusta\.m2\repository\com\jayway\jsonpath\json-path\2.4.0\json-path-2.4.0.jar;C:\Users\gusta\.m2\repository\net\minidev\json-smart\2.3\json-smart-2.3.jar;C:\Users\gusta\.m2\repository\net\minidev\accessors-smart\1.2\accessors-smart-1.2.jar;C:\Users\gusta\.m2\repository\org\ow2\asm\asm\5.0.4\asm-5.0.4.jar;C:\Users\gusta\.m2\repository\org\assertj\assertj-core\3.8.0\assertj-core-3.8.0.jar;C:\Users\gusta\.m2\repository\org\mockito\mockito-core\2.12.0\mockito-core-2.12.0.jar;C:\Users\gusta\.m2\repository\net\bytebuddy\byte-buddy\1.7.9\byte-buddy-1.7.9.jar;C:\Users\gusta\.m2\repository\net\bytebuddy\byte-buddy-agent\1.7.9\byte-buddy-agent-1.7.9.jar;C:\Users\gusta\.m2\repository\org\objenesis\objenesis\2.6\objenesis-2.6.jar;C:\Users\gusta\.m2\repository\org\hamcrest\hamcrest-core\1.3\hamcrest-core-1.3.jar;C:\Users\gusta\.m2\repository\org\hamcrest\hamcrest-library\1.3\hamcrest-library-1.3.jar;C:\Users\gusta\.m2\repository\org\skyscreamer\jsonassert\1.5.0\jsonassert-1.5.0.jar;C:\Users\gusta\.m2\repository\com\vaadin\external\google\android-json\0.0.20131108.vaadin1\android-json-0.0.20131108.vaadin1.jar;C:\Users\gusta\.m2\repository\org\springframework\spring-core\5.0.2.RELEASE\spring-core-5.0.2.RELEASE.jar;C:\Users\gusta\.m2\repository\org\springframework\spring-jcl\5.0.2.RELEASE\spring-jcl-5.0.2.RELEASE.jar;C:\Users\gusta\.m2\repository\org\springframework\spring-test\5.0.2.RELEASE\spring-test-5.0.2.RELEASE.jar;C:\Users\gusta\.m2\repository\org\xmlunit\xmlunit-core\2.5.1\xmlunit-core-2.5.1.jar;C:\Users\gusta\.m2\repository\org\junit\jupiter\junit-jupiter-api\5.0.2\junit-jupiter-api-5.0.2.jar;C:\Users\gusta\.m2\repository\org\opentest4j\opentest4j\1.0.0\opentest4j-1.0.0.jar;C:\Users\gusta\.m2\repository\org\junit\platform\junit-platform-commons\1.0.2\junit-platform-commons-1.0.2.jar;C:\Users\gusta\.m2\repository\org\junit\jupiter\junit-jupiter-engine\5.0.2\junit-jupiter-engine-5.0.2.jar;C:\Users\gusta\.m2\repository\org\junit\platform\junit-platform-engine\1.0.2\junit-platform-engine-1.0.2.jar;C:\Users\gusta\.m2\repository\mysql\mysql-connector-java\5.1.44\mysql-connector-java-5.1.44.jar;C:\Users\gusta\.m2\repository\org\flywaydb\flyway-core\4.2.0\flyway-core-4.2.0.jar;C:\Users\gusta\.m2\repository\net\coobird\thumbnailator\0.4.8\thumbnailator-0.4.8.jar;C:\Users\gusta\.m2\repository\org\springframework\boot\spring-boot-starter-security\2.0.0.M7\spring-boot-starter-security-2.0.0.M7.jar;C:\Users\gusta\.m2\repository\org\springframework\spring-aop\5.0.2.RELEASE\spring-aop-5.0.2.RELEASE.jar;C:\Users\gusta\.m2\repository\org\springframework\security\spring-security-config\5.0.0.RELEASE\spring-security-config-5.0.0.RELEASE.jar;C:\Users\gusta\.m2\repository\org\springframework\security\spring-security-core\5.0.0.RELEASE\spring-security-core-5.0.0.RELEASE.jar;C:\Users\gusta\.m2\repository\org\springframework\security\spring-security-web\5.0.0.RELEASE\spring-security-web-5.0.0.RELEASE.jar;C:\Users\gusta\.m2\repository\com\amazonaws\aws-java-sdk-s3\1.11.253\aws-java-sdk-s3-1.11.253.jar;C:\Users\gusta\.m2\repository\com\amazonaws\aws-java-sdk-kms\1.11.253\aws-java-sdk-kms-1.11.253.jar;C:\Users\gusta\.m2\repository\com\amazonaws\aws-java-sdk-core\1.11.253\aws-java-sdk-core-1.11.253.jar;C:\Users\gusta\.m2\repository\org\apache\httpcomponents\httpclient\4.5.3\httpclient-4.5.3.jar;C:\Users\gusta\.m2\repository\org\apache\httpcomponents\httpcore\4.4.8\httpcore-4.4.8.jar;C:\Users\gusta\.m2\repository\commons-codec\commons-codec\1.11\commons-codec-1.11.jar;C:\Users\gusta\.m2\repository\software\amazon\ion\ion-java\1.0.2\ion-java-1.0.2.jar;C:\Users\gusta\.m2\repository\com\fasterxml\jackson\dataformat\jackson-dataformat-cbor\2.9.2\jackson-dataformat-cbor-2.9.2.jar;C:\Users\gusta\.m2\repository\joda-time\joda-time\2.9.9\joda-time-2.9.9.jar;C:\Users\gusta\.m2\repository\com\amazonaws\jmespath-java\1.11.253\jmespath-java-1.11.253.jar;C:\Users\gusta\.m2\repository\net\sf\jasperreports\jasperreports\6.3.0\jasperreports-6.3.0.jar;C:\Users\gusta\.m2\repository\commons-beanutils\commons-beanutils\1.9.0\commons-beanutils-1.9.0.jar;C:\Users\gusta\.m2\repository\commons-collections\commons-collections\3.2.2\commons-collections-3.2.2.jar;C:\Users\gusta\.m2\repository\commons-digester\commons-digester\2.1\commons-digester-2.1.jar;C:\Users\gusta\.m2\repository\commons-logging\commons-logging\1.1.1\commons-logging-1.1.1.jar;C:\Users\gusta\.m2\repository\com\lowagie\itext\2.1.7.js5\itext-2.1.7.js5.jar;C:\Users\gusta\.m2\repository\bouncycastle\bcmail-jdk14\138\bcmail-jdk14-138.jar;C:\Users\gusta\.m2\repository\bouncycastle\bcprov-jdk14\138\bcprov-jdk14-138.jar;C:\Users\gusta\.m2\repository\org\bouncycastle\bctsp-jdk14\1.38\bctsp-jdk14-1.38.jar;C:\Users\gusta\.m2\repository\org\bouncycastle\bcprov-jdk14\1.38\bcprov-jdk14-1.38.jar;C:\Users\gusta\.m2\repository\org\bouncycastle\bcmail-jdk14\1.38\bcmail-jdk14-1.38.jar;C:\Users\gusta\.m2\repository\org\jfree\jcommon\1.0.23\jcommon-1.0.23.jar;C:\Users\gusta\.m2\repository\org\jfree\jfreechart\1.0.19\jfreechart-1.0.19.jar;C:\Users\gusta\.m2\repository\org\eclipse\jdt\core\compiler\ecj\4.3.1\ecj-4.3.1.jar;C:\Users\gusta\.m2\repository\org\codehaus\castor\castor-xml\1.3.3\castor-xml-1.3.3.jar;C:\Users\gusta\.m2\repository\org\codehaus\castor\castor-core\1.3.3\castor-core-1.3.3.jar;C:\Users\gusta\.m2\repository\commons-lang\commons-lang\2.6\commons-lang-2.6.jar;C:\Users\gusta\.m2\repository\javax\inject\javax.inject\1\javax.inject-1.jar;C:\Users\gusta\.m2\repository\stax\stax\1.2.0\stax-1.2.0.jar;C:\Users\gusta\.m2\repository\stax\stax-api\1.0.1\stax-api-1.0.1.jar;C:\Users\gusta\.m2\repository\javax\xml\stream\stax-api\1.0-2\stax-api-1.0-2.jar;C:\Users\gusta\.m2\repository\com\fasterxml\jackson\core\jackson-core\2.9.2\jackson-core-2.9.2.jar;C:\Users\gusta\.m2\repository\com\fasterxml\jackson\core\jackson-databind\2.9.2\jackson-databind-2.9.2.jar;C:\Users\gusta\.m2\repository\com\fasterxml\jackson\core\jackson-annotations\2.9.0\jackson-annotations-2.9.0.jar;C:\Users\gusta\.m2\repository\org\apache\lucene\lucene-core\4.5.1\lucene-core-4.5.1.jar;C:\Users\gusta\.m2\repository\org\apache\lucene\lucene-analyzers-common\4.5.1\lucene-analyzers-common-4.5.1.jar;C:\Users\gusta\.m2\repository\org\apache\lucene\lucene-queryparser\4.5.1\lucene-queryparser-4.5.1.jar;C:\Users\gusta\.m2\repository\org\apache\lucene\lucene-queries\4.5.1\lucene-queries-4.5.1.jar;C:\Users\gusta\.m2\repository\org\apache\lucene\lucene-sandbox\4.5.1\lucene-sandbox-4.5.1.jar;C:\Users\gusta\.m2\repository\jakarta-regexp\jakarta-regexp\1.4\jakarta-regexp-1.4.jar;C:\Users\gusta\.m2\repository\org\olap4j\olap4j\0.9.7.309-JS-3\olap4j-0.9.7.309-JS-3.jar;C:\Users\gusta\.m2\repository\com\google\zxing\core\2.3.0\core-2.3.0.jar;C:\Users\gusta\.m2\repository\com\ibm\icu\icu4j\57.1\icu4j-57.1.jar;C:\Users\gusta\.m2\repository\net\sf\jasperreports\jasperreports-fonts\6.0.0\jasperreports-fonts-6.0.0.jar;C:\Users\gusta\.m2\repository\org\ehcache\ehcache\3.4.0\ehcache-3.4.0.jar;C:\Users\gusta\.m2\repository\org\slf4j\slf4j-api\1.7.25\slf4j-api-1.7.25.jar;C:\Users\gusta\.m2\repository\javax\cache\cache-api\1.0.0\cache-api-1.0.0.jar;C:\Users\gusta\.m2\repository\junit\junit\4.12\junit-4.12.jar;C:\Users\gusta\.m2\repository\io\rest-assured\spring-mock-mvc\3.0.0\spring-mock-mvc-3.0.0.jar;C:\Users\gusta\.m2\repository\io\rest-assured\rest-assured\3.0.6\rest-assured-3.0.6.jar;C:\Users\gusta\.m2\repository\org\codehaus\groovy\groovy-xml\2.5.0-beta-2\groovy-xml-2.5.0-beta-2.jar;C:\Users\gusta\.m2\repository\org\apache\httpcomponents\httpmime\4.5.3\httpmime-4.5.3.jar;C:\Users\gusta\.m2\repository\org\ccil\cowan\tagsoup\tagsoup\1.2.1\tagsoup-1.2.1.jar;C:\Users\gusta\.m2\repository\io\rest-assured\json-path\3.0.6\json-path-3.0.6.jar;C:\Users\gusta\.m2\repository\org\codehaus\groovy\groovy-json\2.5.0-beta-2\groovy-json-2.5.0-beta-2.jar;C:\Users\gusta\.m2\repository\io\rest-assured\rest-assured-common\3.0.6\rest-assured-common-3.0.6.jar;C:\Users\gusta\.m2\repository\io\rest-assured\xml-path\3.0.6\xml-path-3.0.6.jar;C:\Users\gusta\.m2\repository\org\apache\commons\commons-lang3\3.7\commons-lang3-3.7.jar;C:\Users\gusta\.m2\repository\javax\xml\bind\jaxb-api\2.2.12\jaxb-api-2.2.12.jar;"/>
    <property name="java.vm.vendor" value="Oracle Corporation"/>
    <property name="sun.arch.data.model" value="64"/>
    <property name="user.variant" value=""/>
    <property name="java.vendor.url" value="http://java.oracle.com/"/>
    <property name="user.timezone" value=""/>
    <property name="java.vm.specification.version" value="1.8"/>
    <property name="os.name" value="Windows 10"/>
    <property name="user.country" value="BR"/>
    <property name="sun.java.launcher" value="SUN_STANDARD"/>
    <property name="sun.boot.library.path" value="C:\Program Files\Java\jdk1.8.0_241\jre\bin"/>
    <property name="sun.java.command" value="C:\Users\gusta\AppData\Local\Temp\surefire4659004031052470075\surefirebooter890508213889725926.jar C:\Users\gusta\AppData\Local\Temp\surefire4659004031052470075 2020-08-15T14-55-41_741-jvmRun1 surefire7353865785440325719tmp surefire_05643194414378231804tmp"/>
    <property name="surefire.test.class.path" value="C:\estudos\spring\sigDesafio\target\test-classes;C:\estudos\spring\sigDesafio\target\classes;C:\Users\gusta\.m2\repository\org\springframework\boot\spring-boot-starter-web\2.0.0.M7\spring-boot-starter-web-2.0.0.M7.jar;C:\Users\gusta\.m2\repository\org\springframework\boot\spring-boot-starter\2.0.0.M7\spring-boot-starter-2.0.0.M7.jar;C:\Users\gusta\.m2\repository\org\springframework\boot\spring-boot-starter-logging\2.0.0.M7\spring-boot-starter-logging-2.0.0.M7.jar;C:\Users\gusta\.m2\repository\ch\qos\logback\logback-classic\1.2.3\logback-classic-1.2.3.jar;C:\Users\gusta\.m2\repository\ch\qos\logback\logback-core\1.2.3\logback-core-1.2.3.jar;C:\Users\gusta\.m2\repository\org\apache\logging\log4j\log4j-to-slf4j\2.10.0\log4j-to-slf4j-2.10.0.jar;C:\Users\gusta\.m2\repository\org\apache\logging\log4j\log4j-api\2.10.0\log4j-api-2.10.0.jar;C:\Users\gusta\.m2\repository\org\slf4j\jul-to-slf4j\1.7.25\jul-to-slf4j-1.7.25.jar;C:\Users\gusta\.m2\repository\javax\annotation\javax.annotation-api\1.3.1\javax.annotation-api-1.3.1.jar;C:\Users\gusta\.m2\repository\org\yaml\snakeyaml\1.19\snakeyaml-1.19.jar;C:\Users\gusta\.m2\repository\org\springframework\boot\spring-boot-starter-json\2.0.0.M7\spring-boot-starter-json-2.0.0.M7.jar;C:\Users\gusta\.m2\repository\com\fasterxml\jackson\datatype\jackson-datatype-jdk8\2.9.2\jackson-datatype-jdk8-2.9.2.jar;C:\Users\gusta\.m2\repository\com\fasterxml\jackson\datatype\jackson-datatype-jsr310\2.9.2\jackson-datatype-jsr310-2.9.2.jar;C:\Users\gusta\.m2\repository\com\fasterxml\jackson\module\jackson-module-parameter-names\2.9.2\jackson-module-parameter-names-2.9.2.jar;C:\Users\gusta\.m2\repository\org\springframework\boot\spring-boot-starter-tomcat\2.0.0.M7\spring-boot-starter-tomcat-2.0.0.M7.jar;C:\Users\gusta\.m2\repository\org\apache\tomcat\embed\tomcat-embed-core\8.5.23\tomcat-embed-core-8.5.23.jar;C:\Users\gusta\.m2\repository\org\apache\tomcat\tomcat-annotations-api\8.5.23\tomcat-annotations-api-8.5.23.jar;C:\Users\gusta\.m2\repository\org\apache\tomcat\embed\tomcat-embed-el\8.5.23\tomcat-embed-el-8.5.23.jar;C:\Users\gusta\.m2\repository\org\apache\tomcat\embed\tomcat-embed-websocket\8.5.23\tomcat-embed-websocket-8.5.23.jar;C:\Users\gusta\.m2\repository\org\hibernate\validator\hibernate-validator\6.0.5.Final\hibernate-validator-6.0.5.Final.jar;C:\Users\gusta\.m2\repository\javax\validation\validation-api\2.0.0.Final\validation-api-2.0.0.Final.jar;C:\Users\gusta\.m2\repository\org\jboss\logging\jboss-logging\3.3.1.Final\jboss-logging-3.3.1.Final.jar;C:\Users\gusta\.m2\repository\com\fasterxml\classmate\1.3.4\classmate-1.3.4.jar;C:\Users\gusta\.m2\repository\org\springframework\spring-web\5.0.2.RELEASE\spring-web-5.0.2.RELEASE.jar;C:\Users\gusta\.m2\repository\org\springframework\spring-beans\5.0.2.RELEASE\spring-beans-5.0.2.RELEASE.jar;C:\Users\gusta\.m2\repository\org\springframework\spring-webmvc\5.0.2.RELEASE\spring-webmvc-5.0.2.RELEASE.jar;C:\Users\gusta\.m2\repository\org\springframework\spring-expression\5.0.2.RELEASE\spring-expression-5.0.2.RELEASE.jar;C:\Users\gusta\.m2\repository\org\springframework\boot\spring-boot-starter-thymeleaf\2.0.0.M7\spring-boot-starter-thymeleaf-2.0.0.M7.jar;C:\Users\gusta\.m2\repository\org\thymeleaf\thymeleaf-spring5\3.0.9.RELEASE\thymeleaf-spring5-3.0.9.RELEASE.jar;C:\Users\gusta\.m2\repository\org\thymeleaf\extras\thymeleaf-extras-java8time\3.0.1.RELEASE\thymeleaf-extras-java8time-3.0.1.RELEASE.jar;C:\Users\gusta\.m2\repository\nz\net\ultraq\thymeleaf\thymeleaf-layout-dialect\2.2.2\thymeleaf-layout-dialect-2.2.2.jar;C:\Users\gusta\.m2\repository\nz\net\ultraq\thymeleaf\thymeleaf-expression-processor\1.1.3\thymeleaf-expression-processor-1.1.3.jar;C:\Users\gusta\.m2\repository\org\codehaus\groovy\groovy\2.5.0-beta-2\groovy-2.5.0-beta-2.jar;C:\Users\gusta\.m2\repository\org\thymeleaf\thymeleaf\3.0.9.RELEASE\thymeleaf-3.0.9.RELEASE.jar;C:\Users\gusta\.m2\repository\ognl\ognl\3.1.12\ognl-3.1.12.jar;C:\Users\gusta\.m2\repository\org\attoparser\attoparser\2.0.4.RELEASE\attoparser-2.0.4.RELEASE.jar;C:\Users\gusta\.m2\repository\org\unbescape\unbescape\1.1.5.RELEASE\unbescape-1.1.5.RELEASE.jar;C:\Users\gusta\.m2\repository\com\github\mxab\thymeleaf\extras\thymeleaf-extras-data-attribute\2.0.1\thymeleaf-extras-data-attribute-2.0.1.jar;C:\Users\gusta\.m2\repository\org\springframework\boot\spring-boot-starter-data-jpa\2.0.0.M7\spring-boot-starter-data-jpa-2.0.0.M7.jar;C:\Users\gusta\.m2\repository\org\springframework\boot\spring-boot-starter-aop\2.0.0.M7\spring-boot-starter-aop-2.0.0.M7.jar;C:\Users\gusta\.m2\repository\org\aspectj\aspectjweaver\1.8.13\aspectjweaver-1.8.13.jar;C:\Users\gusta\.m2\repository\org\springframework\boot\spring-boot-starter-jdbc\2.0.0.M7\spring-boot-starter-jdbc-2.0.0.M7.jar;C:\Users\gusta\.m2\repository\com\zaxxer\HikariCP\2.7.4\HikariCP-2.7.4.jar;C:\Users\gusta\.m2\repository\org\springframework\spring-jdbc\5.0.2.RELEASE\spring-jdbc-5.0.2.RELEASE.jar;C:\Users\gusta\.m2\repository\org\hibernate\hibernate-core\5.2.12.Final\hibernate-core-5.2.12.Final.jar;C:\Users\gusta\.m2\repository\org\hibernate\javax\persistence\hibernate-jpa-2.1-api\1.0.0.Final\hibernate-jpa-2.1-api-1.0.0.Final.jar;C:\Users\gusta\.m2\repository\org\javassist\javassist\3.22.0-CR2\javassist-3.22.0-CR2.jar;C:\Users\gusta\.m2\repository\antlr\antlr\2.7.7\antlr-2.7.7.jar;C:\Users\gusta\.m2\repository\org\jboss\jandex\2.0.3.Final\jandex-2.0.3.Final.jar;C:\Users\gusta\.m2\repository\dom4j\dom4j\1.6.1\dom4j-1.6.1.jar;C:\Users\gusta\.m2\repository\org\hibernate\common\hibernate-commons-annotations\5.0.1.Final\hibernate-commons-annotations-5.0.1.Final.jar;C:\Users\gusta\.m2\repository\javax\transaction\javax.transaction-api\1.2\javax.transaction-api-1.2.jar;C:\Users\gusta\.m2\repository\org\springframework\data\spring-data-jpa\2.0.2.RELEASE\spring-data-jpa-2.0.2.RELEASE.jar;C:\Users\gusta\.m2\repository\org\springframework\data\spring-data-commons\2.0.2.RELEASE\spring-data-commons-2.0.2.RELEASE.jar;C:\Users\gusta\.m2\repository\org\springframework\spring-orm\5.0.2.RELEASE\spring-orm-5.0.2.RELEASE.jar;C:\Users\gusta\.m2\repository\org\springframework\spring-tx\5.0.2.RELEASE\spring-tx-5.0.2.RELEASE.jar;C:\Users\gusta\.m2\repository\org\springframework\spring-aspects\5.0.2.RELEASE\spring-aspects-5.0.2.RELEASE.jar;C:\Users\gusta\.m2\repository\org\springframework\boot\spring-boot-starter-mail\2.0.0.M7\spring-boot-starter-mail-2.0.0.M7.jar;C:\Users\gusta\.m2\repository\org\springframework\spring-context\5.0.2.RELEASE\spring-context-5.0.2.RELEASE.jar;C:\Users\gusta\.m2\repository\org\springframework\spring-context-support\5.0.2.RELEASE\spring-context-support-5.0.2.RELEASE.jar;C:\Users\gusta\.m2\repository\com\sun\mail\javax.mail\1.6.0\javax.mail-1.6.0.jar;C:\Users\gusta\.m2\repository\javax\activation\activation\1.1\activation-1.1.jar;C:\Users\gusta\.m2\repository\org\springframework\boot\spring-boot-devtools\2.0.0.M7\spring-boot-devtools-2.0.0.M7.jar;C:\Users\gusta\.m2\repository\org\springframework\boot\spring-boot\2.0.0.M7\spring-boot-2.0.0.M7.jar;C:\Users\gusta\.m2\repository\org\springframework\boot\spring-boot-autoconfigure\2.0.0.M7\spring-boot-autoconfigure-2.0.0.M7.jar;C:\Users\gusta\.m2\repository\org\springframework\boot\spring-boot-starter-test\2.0.0.M7\spring-boot-starter-test-2.0.0.M7.jar;C:\Users\gusta\.m2\repository\org\springframework\boot\spring-boot-test\2.0.0.M7\spring-boot-test-2.0.0.M7.jar;C:\Users\gusta\.m2\repository\org\springframework\boot\spring-boot-test-autoconfigure\2.0.0.M7\spring-boot-test-autoconfigure-2.0.0.M7.jar;C:\Users\gusta\.m2\repository\com\jayway\jsonpath\json-path\2.4.0\json-path-2.4.0.jar;C:\Users\gusta\.m2\repository\net\minidev\json-smart\2.3\json-smart-2.3.jar;C:\Users\gusta\.m2\repository\net\minidev\accessors-smart\1.2\accessors-smart-1.2.jar;C:\Users\gusta\.m2\repository\org\ow2\asm\asm\5.0.4\asm-5.0.4.jar;C:\Users\gusta\.m2\repository\org\assertj\assertj-core\3.8.0\assertj-core-3.8.0.jar;C:\Users\gusta\.m2\repository\org\mockito\mockito-core\2.12.0\mockito-core-2.12.0.jar;C:\Users\gusta\.m2\repository\net\bytebuddy\byte-buddy\1.7.9\byte-buddy-1.7.9.jar;C:\Users\gusta\.m2\repository\net\bytebuddy\byte-buddy-agent\1.7.9\byte-buddy-agent-1.7.9.jar;C:\Users\gusta\.m2\repository\org\objenesis\objenesis\2.6\objenesis-2.6.jar;C:\Users\gusta\.m2\repository\org\hamcrest\hamcrest-core\1.3\hamcrest-core-1.3.jar;C:\Users\gusta\.m2\repository\org\hamcrest\hamcrest-library\1.3\hamcrest-library-1.3.jar;C:\Users\gusta\.m2\repository\org\skyscreamer\jsonassert\1.5.0\jsonassert-1.5.0.jar;C:\Users\gusta\.m2\repository\com\vaadin\external\google\android-json\0.0.20131108.vaadin1\android-json-0.0.20131108.vaadin1.jar;C:\Users\gusta\.m2\repository\org\springframework\spring-core\5.0.2.RELEASE\spring-core-5.0.2.RELEASE.jar;C:\Users\gusta\.m2\repository\org\springframework\spring-jcl\5.0.2.RELEASE\spring-jcl-5.0.2.RELEASE.jar;C:\Users\gusta\.m2\repository\org\springframework\spring-test\5.0.2.RELEASE\spring-test-5.0.2.RELEASE.jar;C:\Users\gusta\.m2\repository\org\xmlunit\xmlunit-core\2.5.1\xmlunit-core-2.5.1.jar;C:\Users\gusta\.m2\repository\org\junit\jupiter\junit-jupiter-api\5.0.2\junit-jupiter-api-5.0.2.jar;C:\Users\gusta\.m2\repository\org\opentest4j\opentest4j\1.0.0\opentest4j-1.0.0.jar;C:\Users\gusta\.m2\repository\org\junit\platform\junit-platform-commons\1.0.2\junit-platform-commons-1.0.2.jar;C:\Users\gusta\.m2\repository\org\junit\jupiter\junit-jupiter-engine\5.0.2\junit-jupiter-engine-5.0.2.jar;C:\Users\gusta\.m2\repository\org\junit\platform\junit-platform-engine\1.0.2\junit-platform-engine-1.0.2.jar;C:\Users\gusta\.m2\repository\mysql\mysql-connector-java\5.1.44\mysql-connector-java-5.1.44.jar;C:\Users\gusta\.m2\repository\org\flywaydb\flyway-core\4.2.0\flyway-core-4.2.0.jar;C:\Users\gusta\.m2\repository\net\coobird\thumbnailator\0.4.8\thumbnailator-0.4.8.jar;C:\Users\gusta\.m2\repository\org\springframework\boot\spring-boot-starter-security\2.0.0.M7\spring-boot-starter-security-2.0.0.M7.jar;C:\Users\gusta\.m2\repository\org\springframework\spring-aop\5.0.2.RELEASE\spring-aop-5.0.2.RELEASE.jar;C:\Users\gusta\.m2\repository\org\springframework\security\spring-security-config\5.0.0.RELEASE\spring-security-config-5.0.0.RELEASE.jar;C:\Users\gusta\.m2\repository\org\springframework\security\spring-security-core\5.0.0.RELEASE\spring-security-core-5.0.0.RELEASE.jar;C:\Users\gusta\.m2\repository\org\springframework\security\spring-security-web\5.0.0.RELEASE\spring-security-web-5.0.0.RELEASE.jar;C:\Users\gusta\.m2\repository\com\amazonaws\aws-java-sdk-s3\1.11.253\aws-java-sdk-s3-1.11.253.jar;C:\Users\gusta\.m2\repository\com\amazonaws\aws-java-sdk-kms\1.11.253\aws-java-sdk-kms-1.11.253.jar;C:\Users\gusta\.m2\repository\com\amazonaws\aws-java-sdk-core\1.11.253\aws-java-sdk-core-1.11.253.jar;C:\Users\gusta\.m2\repository\org\apache\httpcomponents\httpclient\4.5.3\httpclient-4.5.3.jar;C:\Users\gusta\.m2\repository\org\apache\httpcomponents\httpcore\4.4.8\httpcore-4.4.8.jar;C:\Users\gusta\.m2\repository\commons-codec\commons-codec\1.11\commons-codec-1.11.jar;C:\Users\gusta\.m2\repository\software\amazon\ion\ion-java\1.0.2\ion-java-1.0.2.jar;C:\Users\gusta\.m2\repository\com\fasterxml\jackson\dataformat\jackson-dataformat-cbor\2.9.2\jackson-dataformat-cbor-2.9.2.jar;C:\Users\gusta\.m2\repository\joda-time\joda-time\2.9.9\joda-time-2.9.9.jar;C:\Users\gusta\.m2\repository\com\amazonaws\jmespath-java\1.11.253\jmespath-java-1.11.253.jar;C:\Users\gusta\.m2\repository\net\sf\jasperreports\jasperreports\6.3.0\jasperreports-6.3.0.jar;C:\Users\gusta\.m2\repository\commons-beanutils\commons-beanutils\1.9.0\commons-beanutils-1.9.0.jar;C:\Users\gusta\.m2\repository\commons-collections\commons-collections\3.2.2\commons-collections-3.2.2.jar;C:\Users\gusta\.m2\repository\commons-digester\commons-digester\2.1\commons-digester-2.1.jar;C:\Users\gusta\.m2\repository\commons-logging\commons-logging\1.1.1\commons-logging-1.1.1.jar;C:\Users\gusta\.m2\repository\com\lowagie\itext\2.1.7.js5\itext-2.1.7.js5.jar;C:\Users\gusta\.m2\repository\bouncycastle\bcmail-jdk14\138\bcmail-jdk14-138.jar;C:\Users\gusta\.m2\repository\bouncycastle\bcprov-jdk14\138\bcprov-jdk14-138.jar;C:\Users\gusta\.m2\repository\org\bouncycastle\bctsp-jdk14\1.38\bctsp-jdk14-1.38.jar;C:\Users\gusta\.m2\repository\org\bouncycastle\bcprov-jdk14\1.38\bcprov-jdk14-1.38.jar;C:\Users\gusta\.m2\repository\org\bouncycastle\bcmail-jdk14\1.38\bcmail-jdk14-1.38.jar;C:\Users\gusta\.m2\repository\org\jfree\jcommon\1.0.23\jcommon-1.0.23.jar;C:\Users\gusta\.m2\repository\org\jfree\jfreechart\1.0.19\jfreechart-1.0.19.jar;C:\Users\gusta\.m2\repository\org\eclipse\jdt\core\compiler\ecj\4.3.1\ecj-4.3.1.jar;C:\Users\gusta\.m2\repository\org\codehaus\castor\castor-xml\1.3.3\castor-xml-1.3.3.jar;C:\Users\gusta\.m2\repository\org\codehaus\castor\castor-core\1.3.3\castor-core-1.3.3.jar;C:\Users\gusta\.m2\repository\commons-lang\commons-lang\2.6\commons-lang-2.6.jar;C:\Users\gusta\.m2\repository\javax\inject\javax.inject\1\javax.inject-1.jar;C:\Users\gusta\.m2\repository\stax\stax\1.2.0\stax-1.2.0.jar;C:\Users\gusta\.m2\repository\stax\stax-api\1.0.1\stax-api-1.0.1.jar;C:\Users\gusta\.m2\repository\javax\xml\stream\stax-api\1.0-2\stax-api-1.0-2.jar;C:\Users\gusta\.m2\repository\com\fasterxml\jackson\core\jackson-core\2.9.2\jackson-core-2.9.2.jar;C:\Users\gusta\.m2\repository\com\fasterxml\jackson\core\jackson-databind\2.9.2\jackson-databind-2.9.2.jar;C:\Users\gusta\.m2\repository\com\fasterxml\jackson\core\jackson-annotations\2.9.0\jackson-annotations-2.9.0.jar;C:\Users\gusta\.m2\repository\org\apache\lucene\lucene-core\4.5.1\lucene-core-4.5.1.jar;C:\Users\gusta\.m2\repository\org\apache\lucene\lucene-analyzers-common\4.5.1\lucene-analyzers-common-4.5.1.jar;C:\Users\gusta\.m2\repository\org\apache\lucene\lucene-queryparser\4.5.1\lucene-queryparser-4.5.1.jar;C:\Users\gusta\.m2\repository\org\apache\lucene\lucene-queries\4.5.1\lucene-queries-4.5.1.jar;C:\Users\gusta\.m2\repository\org\apache\lucene\lucene-sandbox\4.5.1\lucene-sandbox-4.5.1.jar;C:\Users\gusta\.m2\repository\jakarta-regexp\jakarta-regexp\1.4\jakarta-regexp-1.4.jar;C:\Users\gusta\.m2\repository\org\olap4j\olap4j\0.9.7.309-JS-3\olap4j-0.9.7.309-JS-3.jar;C:\Users\gusta\.m2\repository\com\google\zxing\core\2.3.0\core-2.3.0.jar;C:\Users\gusta\.m2\repository\com\ibm\icu\icu4j\57.1\icu4j-57.1.jar;C:\Users\gusta\.m2\repository\net\sf\jasperreports\jasperreports-fonts\6.0.0\jasperreports-fonts-6.0.0.jar;C:\Users\gusta\.m2\repository\org\ehcache\ehcache\3.4.0\ehcache-3.4.0.jar;C:\Users\gusta\.m2\repository\org\slf4j\slf4j-api\1.7.25\slf4j-api-1.7.25.jar;C:\Users\gusta\.m2\repository\javax\cache\cache-api\1.0.0\cache-api-1.0.0.jar;C:\Users\gusta\.m2\repository\junit\junit\4.12\junit-4.12.jar;C:\Users\gusta\.m2\repository\io\rest-assured\spring-mock-mvc\3.0.0\spring-mock-mvc-3.0.0.jar;C:\Users\gusta\.m2\repository\io\rest-assured\rest-assured\3.0.6\rest-assured-3.0.6.jar;C:\Users\gusta\.m2\repository\org\codehaus\groovy\groovy-xml\2.5.0-beta-2\groovy-xml-2.5.0-beta-2.jar;C:\Users\gusta\.m2\repository\org\apache\httpcomponents\httpmime\4.5.3\httpmime-4.5.3.jar;C:\Users\gusta\.m2\repository\org\ccil\cowan\tagsoup\tagsoup\1.2.1\tagsoup-1.2.1.jar;C:\Users\gusta\.m2\repository\io\rest-assured\json-path\3.0.6\json-path-3.0.6.jar;C:\Users\gusta\.m2\repository\org\codehaus\groovy\groovy-json\2.5.0-beta-2\groovy-json-2.5.0-beta-2.jar;C:\Users\gusta\.m2\repository\io\rest-assured\rest-assured-common\3.0.6\rest-assured-common-3.0.6.jar;C:\Users\gusta\.m2\repository\io\rest-assured\xml-path\3.0.6\xml-path-3.0.6.jar;C:\Users\gusta\.m2\repository\org\apache\commons\commons-lang3\3.7\commons-lang3-3.7.jar;C:\Users\gusta\.m2\repository\javax\xml\bind\jaxb-api\2.2.12\jaxb-api-2.2.12.jar;"/>
    <property name="sun.cpu.endian" value="little"/>
    <property name="user.home" value="C:\Users\gusta"/>
    <property name="user.language" value="pt"/>
    <property name="java.specification.vendor" value="Oracle Corporation"/>
    <property name="java.home" value="C:\Program Files\Java\jdk1.8.0_241\jre"/>
    <property name="basedir" value="C:\estudos\spring\sigDesafio"/>
    <property name="file.separator" value="\"/>
    <property name="line.separator" value="&#10;"/>
    <property name="java.vm.specification.vendor" value="Oracle Corporation"/>
    <property name="java.specification.name" value="Java Platform API Specification"/>
    <property name="java.awt.graphicsenv" value="sun.awt.Win32GraphicsEnvironment"/>
    <property name="surefire.real.class.path" value="C:\Users\gusta\AppData\Local\Temp\surefire4659004031052470075\surefirebooter890508213889725926.jar"/>
    <property name="sun.boot.class.path" value="C:\Program Files\Java\jdk1.8.0_241\jre\lib\resources.jar;C:\Program Files\Java\jdk1.8.0_241\jre\lib\rt.jar;C:\Program Files\Java\jdk1.8.0_241\jre\lib\sunrsasign.jar;C:\Program Files\Java\jdk1.8.0_241\jre\lib\jsse.jar;C:\Program Files\Java\jdk1.8.0_241\jre\lib\jce.jar;C:\Program Files\Java\jdk1.8.0_241\jre\lib\charsets.jar;C:\Program Files\Java\jdk1.8.0_241\jre\lib\jfr.jar;C:\Program Files\Java\jdk1.8.0_241\jre\classes"/>
    <property name="user.script" value=""/>
    <property name="sun.management.compiler" value="HotSpot 64-Bit Tiered Compilers"/>
    <property name="java.runtime.version" value="1.8.0_241-b07"/>
    <property name="user.name" value="gusta"/>
    <property name="path.separator" value=";"/>
    <property name="os.version" value="10.0"/>
    <property name="java.endorsed.dirs" value="C:\Program Files\Java\jdk1.8.0_241\jre\lib\endorsed"/>
    <property name="java.runtime.name" value="Java(TM) SE Runtime Environment"/>
    <property name="file.encoding" value="Cp1252"/>
    <property name="java.vm.name" value="Java HotSpot(TM) 64-Bit Server VM"/>
    <property name="localRepository" value="C:\Users\gusta\.m2\repository"/>
    <property name="java.vendor.url.bug" value="http://bugreport.sun.com/bugreport/"/>
    <property name="java.io.tmpdir" value="C:\Users\gusta\AppData\Local\Temp\"/>
    <property name="java.version" value="1.8.0_241"/>
    <property name="user.dir" value="C:\estudos\spring\sigDesafio"/>
    <property name="os.arch" value="amd64"/>
    <property name="java.vm.specification.name" value="Java Virtual Machine Specification"/>
    <property name="java.awt.printerjob" value="sun.awt.windows.WPrinterJob"/>
    <property name="sun.os.patch.level" value=""/>
    <property name="java.library.path" value="C:\Program Files\Java\jdk1.8.0_241\jre\bin;C:\WINDOWS\Sun\Java\bin;C:\WINDOWS\system32;C:\WINDOWS;C:\Program Files\Microsoft MPI\Bin\;C:\Program Files (x86)\Common Files\Oracle\Java\javapath;C:\WINDOWS\system32;C:\WINDOWS;C:\WINDOWS\System32\Wbem;C:\WINDOWS\System32\WindowsPowerShell\v1.0\;C:\WINDOWS\System32\OpenSSH\;C:\Program Files\Java\jdk1.8.0_201\bin;%JAVA_HOME%\bin;C:\Program Files\nodejs\;C:\apache-maven-3.6.1\bin;C:\Program Files\Common Files\Tom Sawyer Software\10.0.0;C:\Users\gusta\AppData\Local\Microsoft\WindowsApps;;C:\Users\gusta\AppData\Local\Programs\Microsoft VS Code\bin;C:\Users\gusta\AppData\Roaming\npm;C:\Program Files\heroku\bin;."/>
    <property name="java.vm.info" value="mixed mode"/>
    <property name="java.vendor" value="Oracle Corporation"/>
    <property name="java.vm.version" value="25.241-b07"/>
    <property name="java.ext.dirs" value="C:\Program Files\Java\jdk1.8.0_241\jre\lib\ext;C:\WINDOWS\Sun\Java\lib\ext"/>
    <property name="sun.io.unicode.encoding" value="UnicodeLittle"/>
    <property name="java.class.version" value="52.0"/>
  </properties>
  <testcase name="deveCalcularValorTotalSemItens" classname="com.sig.session.TabelaItensVendaTest" time="0.131"/>
  <testcase name="deveAlterarQuantidadeDoItem" classname="com.sig.session.TabelaItensVendaTest" time="0.007"/>
  <testcase name="deveCalcularValorTotalComUmItem" classname="com.sig.session.TabelaItensVendaTest" time="0"/>
  <testcase name="deveExcluirItem" classname="com.sig.session.TabelaItensVendaTest" time="0.009"/>
  <testcase name="deveCalcularValorTotalComVariosItens" classname="com.sig.session.TabelaItensVendaTest" time="0"/>
  <testcase name="deveManterTamanhoDaListaParaMesmasProdutos" classname="com.sig.session.TabelaItensVendaTest" time="0"/>
</testsuite>